<?xml version="1.0" encoding="UTF-8"?>
<testng-results skipped="0" failed="0" total="1" passed="1">
  <reporter-output>
  </reporter-output>
  <suite name="Command line suite" duration-ms="5119" started-at="2014-07-16T21:35:52Z" finished-at="2014-07-16T21:35:57Z">
    <groups>
    </groups>
    <test name="Command line test" duration-ms="5119" started-at="2014-07-16T21:35:52Z" finished-at="2014-07-16T21:35:57Z">
      <class name="org.persistent.seleniumtests.AppTest">
        <test-method status="PASS" signature="testing()" name="testing" duration-ms="5109" started-at="2014-07-16T21:35:52Z" finished-at="2014-07-16T21:35:57Z">
        </test-method>
      </class>
    </test>
  </suite>
</testng-results>
